e:\year 3 uni work\sph simulation\sph simulation\x64\debug\vc141.pdb
e:\year 3 uni work\sph simulation\sph simulation\x64\debug\vc141.idb
e:\year 3 uni work\sph simulation\sph simulation\x64\debug\surface.obj
e:\year 3 uni work\sph simulation\sph simulation\x64\debug\sphsystemsolver.obj
e:\year 3 uni work\sph simulation\sph simulation\x64\debug\sphsystemdata.obj
e:\year 3 uni work\sph simulation\sph simulation\x64\debug\rigidbodycollider.obj
e:\year 3 uni work\sph simulation\sph simulation\x64\debug\main.obj
e:\year 3 uni work\sph simulation\sph simulation\x64\debug\quaternion.obj
e:\year 3 uni work\sph simulation\sph simulation\x64\debug\pointneighboursearcher.obj
e:\year 3 uni work\sph simulation\sph simulation\x64\debug\pointhashgridsearcher.obj
e:\year 3 uni work\sph simulation\sph simulation\x64\debug\pointgenerator.obj
e:\year 3 uni work\sph simulation\sph simulation\x64\debug\plane.obj
e:\year 3 uni work\sph simulation\sph simulation\x64\debug\physicsanimation.obj
e:\year 3 uni work\sph simulation\sph simulation\x64\debug\pcisphsystemsolver.obj
e:\year 3 uni work\sph simulation\sph simulation\x64\debug\particlesystemsolver.obj
e:\year 3 uni work\sph simulation\sph simulation\x64\debug\particlesystemdata.obj
e:\year 3 uni work\sph simulation\sph simulation\x64\debug\particleemitter.obj
e:\year 3 uni work\sph simulation\sph simulation\x64\debug\implicitsurface.obj
e:\year 3 uni work\sph simulation\sph simulation\x64\debug\collider.obj
e:\year 3 uni work\sph simulation\sph simulation\x64\debug\box.obj
e:\year 3 uni work\sph simulation\sph simulation\x64\debug\boundingbox.obj
e:\year 3 uni work\sph simulation\sph simulation\x64\debug\bcclatticepointgenerator.obj
e:\year 3 uni work\sph simulation\sph simulation\x64\debug\volumeparticleemitter.obj
e:\year 3 uni work\sph simulation\sph simulation\x64\debug\transform.obj
e:\year 3 uni work\sph simulation\sph simulation\x64\debug\timer.obj
e:\year 3 uni work\sph simulation\sph simulation\x64\debug\surfacetoimplicit.obj
e:\year 3 uni work\sph simulation\x64\debug\sph simulation.exe
e:\year 3 uni work\sph simulation\x64\debug\sph simulation.ilk
e:\year 3 uni work\sph simulation\x64\debug\sph simulation.pdb
e:\year 3 uni work\sph simulation\sph simulation\x64\debug\sph simulation.tlog\cl.command.1.tlog
e:\year 3 uni work\sph simulation\sph simulation\x64\debug\sph simulation.tlog\cl.read.1.tlog
e:\year 3 uni work\sph simulation\sph simulation\x64\debug\sph simulation.tlog\cl.write.1.tlog
e:\year 3 uni work\sph simulation\sph simulation\x64\debug\sph simulation.tlog\link.command.1.tlog
e:\year 3 uni work\sph simulation\sph simulation\x64\debug\sph simulation.tlog\link.read.1.tlog
e:\year 3 uni work\sph simulation\sph simulation\x64\debug\sph simulation.tlog\link.write.1.tlog
