  BccLatticePointGenerator.cpp
  BoundingBox.cpp
  Box.cpp
  Collider.cpp
  ParticleEmitter.cpp
  ParticleSystemData.cpp
  ParticleSystemSolver.cpp
  PciSphSystemSolver.cpp
  PhysicsAnimation.cpp
  Plane.cpp
  PointGenerator.cpp
  PointHashGridSearcher.cpp
e:\year 3 uni work\ctp\ctp\sph simulation\sph simulation\pointhashgridsearcher.cpp(25): warning C4244: 'argument': conversion from 'double' to 'const unsigned int', possible loss of data
  PointNeighbourSearcher.cpp
  Quaternion.cpp
e:\year 3 uni work\ctp\ctp\sph simulation\sph simulation\quaternion.cpp(46): warning C4244: 'initializing': conversion from 'double' to 'float', possible loss of data
e:\year 3 uni work\ctp\ctp\sph simulation\sph simulation\quaternion.cpp(57): warning C4244: '=': conversion from 'double' to 'float', possible loss of data
e:\year 3 uni work\ctp\ctp\sph simulation\sph simulation\quaternion.cpp(58): warning C4244: '=': conversion from 'double' to 'float', possible loss of data
e:\year 3 uni work\ctp\ctp\sph simulation\sph simulation\quaternion.cpp(59): warning C4244: '=': conversion from 'double' to 'float', possible loss of data
e:\year 3 uni work\ctp\ctp\sph simulation\sph simulation\quaternion.cpp(70): warning C4244: 'initializing': conversion from 'double' to 'float', possible loss of data
e:\year 3 uni work\ctp\ctp\sph simulation\sph simulation\quaternion.cpp(71): warning C4244: 'initializing': conversion from 'double' to 'float', possible loss of data
e:\year 3 uni work\ctp\ctp\sph simulation\sph simulation\quaternion.cpp(78): warning C4244: 'initializing': conversion from 'double' to 'float', possible loss of data
e:\year 3 uni work\ctp\ctp\sph simulation\sph simulation\quaternion.cpp(86): warning C4244: 'argument': conversion from 'double' to 'float', possible loss of data
  main.cpp
e:\year 3 uni work\ctp\ctp\sph simulation\sph simulation\volumeparticleemitter.h(10): fatal error C1083: Cannot open include file: 'ImplicitSurface.h': No such file or directory
  RigidBodyCollider.cpp
  SphSystemData.cpp
e:\year 3 uni work\ctp\ctp\sph simulation\sph simulation\sphsystemdata.cpp(70): warning C4018: '<': signed/unsigned mismatch
  SphSystemSolver.cpp
  Surface.cpp
  Timer.cpp
  Generating Code...
  Compiling...
  Transform.cpp
  VolumeParticleEmitter.cpp
e:\year 3 uni work\ctp\ctp\sph simulation\sph simulation\volumeparticleemitter.h(10): fatal error C1083: Cannot open include file: 'ImplicitSurface.h': No such file or directory
  Generating Code...
