e:\year 3 uni work\ctp\ctp\sph simulation\sph simulation\debug\vc141.pdb
e:\year 3 uni work\ctp\ctp\sph simulation\sph simulation\debug\vc141.idb
e:\year 3 uni work\ctp\ctp\sph simulation\sph simulation\debug\timer.obj
e:\year 3 uni work\ctp\ctp\sph simulation\sph simulation\debug\surface.obj
e:\year 3 uni work\ctp\ctp\sph simulation\sph simulation\debug\sphsystemsolver.obj
e:\year 3 uni work\ctp\ctp\sph simulation\sph simulation\debug\sphsystemdata.obj
e:\year 3 uni work\ctp\ctp\sph simulation\sph simulation\debug\rigidbodycollider.obj
e:\year 3 uni work\ctp\ctp\sph simulation\sph simulation\debug\main.obj
e:\year 3 uni work\ctp\ctp\sph simulation\sph simulation\debug\quaternion.obj
e:\year 3 uni work\ctp\ctp\sph simulation\sph simulation\debug\pointneighboursearcher.obj
e:\year 3 uni work\ctp\ctp\sph simulation\sph simulation\debug\pointhashgridsearcher.obj
e:\year 3 uni work\ctp\ctp\sph simulation\sph simulation\debug\pointgenerator.obj
e:\year 3 uni work\ctp\ctp\sph simulation\sph simulation\debug\plane.obj
e:\year 3 uni work\ctp\ctp\sph simulation\sph simulation\debug\physicsanimation.obj
e:\year 3 uni work\ctp\ctp\sph simulation\sph simulation\debug\pcisphsystemsolver.obj
e:\year 3 uni work\ctp\ctp\sph simulation\sph simulation\debug\particlesystemsolver.obj
e:\year 3 uni work\ctp\ctp\sph simulation\sph simulation\debug\particlesystemdata.obj
e:\year 3 uni work\ctp\ctp\sph simulation\sph simulation\debug\particleemitter.obj
e:\year 3 uni work\ctp\ctp\sph simulation\sph simulation\debug\collider.obj
e:\year 3 uni work\ctp\ctp\sph simulation\sph simulation\debug\box.obj
e:\year 3 uni work\ctp\ctp\sph simulation\sph simulation\debug\boundingbox.obj
e:\year 3 uni work\ctp\ctp\sph simulation\sph simulation\debug\bcclatticepointgenerator.obj
e:\year 3 uni work\ctp\ctp\sph simulation\sph simulation\debug\transform.obj
e:\year 3 uni work\ctp\ctp\sph simulation\sph simulation\debug\sph simulation.tlog\cl.command.1.tlog
e:\year 3 uni work\ctp\ctp\sph simulation\sph simulation\debug\sph simulation.tlog\cl.read.1.tlog
e:\year 3 uni work\ctp\ctp\sph simulation\sph simulation\debug\sph simulation.tlog\cl.write.1.tlog
