  main.cpp
e:\year 3 uni work\ctp-sph-erosion\sph simulation\sph simulation\quaternion.h(70): warning C4244: 'initializing': conversion from 'double' to 'float', possible loss of data
e:\year 3 uni work\ctp-sph-erosion\sph simulation\sph simulation\quaternion.h(81): warning C4244: '=': conversion from 'double' to 'float', possible loss of data
e:\year 3 uni work\ctp-sph-erosion\sph simulation\sph simulation\quaternion.h(82): warning C4244: '=': conversion from 'double' to 'float', possible loss of data
e:\year 3 uni work\ctp-sph-erosion\sph simulation\sph simulation\quaternion.h(83): warning C4244: '=': conversion from 'double' to 'float', possible loss of data
e:\year 3 uni work\ctp-sph-erosion\sph simulation\sph simulation\quaternion.h(95): warning C4244: 'initializing': conversion from 'double' to 'float', possible loss of data
e:\year 3 uni work\ctp-sph-erosion\sph simulation\sph simulation\quaternion.h(96): warning C4244: 'initializing': conversion from 'double' to 'float', possible loss of data
e:\year 3 uni work\ctp-sph-erosion\sph simulation\sph simulation\quaternion.h(103): warning C4244: 'initializing': conversion from 'double' to 'float', possible loss of data
e:\year 3 uni work\ctp-sph-erosion\sph simulation\sph simulation\quaternion.h(111): warning C4244: 'argument': conversion from 'double' to 'float', possible loss of data
e:\year 3 uni work\ctp-sph-erosion\sph simulation\sph simulation\main.cpp(234): warning C4244: 'argument': conversion from 'float' to 'const unsigned __int64', possible loss of data
e:\year 3 uni work\ctp-sph-erosion\sph simulation\sph simulation\main.cpp(235): warning C4244: 'argument': conversion from 'float' to 'const unsigned __int64', possible loss of data
e:\year 3 uni work\ctp-sph-erosion\sph simulation\sph simulation\main.cpp(237): warning C4244: 'argument': conversion from 'float' to 'int', possible loss of data
e:\year 3 uni work\ctp-sph-erosion\sph simulation\sph simulation\main.cpp(238): warning C4244: 'argument': conversion from 'float' to 'int', possible loss of data
e:\year 3 uni work\ctp-sph-erosion\sph simulation\sph simulation\main.cpp(240): warning C4244: 'initializing': conversion from 'float' to 'size_t', possible loss of data
e:\year 3 uni work\ctp-sph-erosion\sph simulation\sph simulation\main.cpp(250): warning C4244: '=': conversion from 'double' to 'float', possible loss of data
e:\year 3 uni work\ctp-sph-erosion\sph simulation\sph simulation\main.cpp(253): warning C4244: 'argument': conversion from 'float' to 'int', possible loss of data
e:\year 3 uni work\ctp-sph-erosion\sph simulation\sph simulation\main.cpp(263): warning C4244: 'argument': conversion from 'float' to 'size_t', possible loss of data
e:\year 3 uni work\ctp-sph-erosion\sph simulation\sph simulation\main.cpp(273): warning C4101: 'basename': unreferenced local variable
  Generating code
  2 of 1894 functions ( 0.1%) were compiled, the rest were copied from previous compilation.
    0 functions were new in current compilation
    1 functions had inline decision re-evaluated but remain unchanged
  Finished generating code
  SPH simulation.vcxproj -> E:\YEAR 3 Uni work\CTP-SPH-Erosion\SPH simulation\x64\Release\SPH simulation.exe
